<?xml version="1.0" encoding="UTF-8"?>
<!-- Generated by org.testng.reporters.JUnitReportReporter -->
<testsuite hostname="DESKTOP-FB65ARO" failures="0" tests="1" name="com.Banking.Testcases.TC_SignUp_03" time="17.014" errors="0" timestamp="2023-11-16T15:10:11 IST" skipped="0">
  <testcase classname="com.Banking.Testcases.TC_SignUp_03" name="SignUP" time="17.014"/>
  <system-out/>
</testsuite> <!-- com.Banking.Testcases.TC_SignUp_03 -->
