<?xml version="1.0" encoding="UTF-8"?>
<!-- Generated by org.testng.reporters.JUnitReportReporter -->
<testsuite hostname="AZHAR75" failures="0" tests="1" name="com.Banking.Testcases.TC_logintest_01" time="29.939" errors="0" timestamp="2024-11-16T15:30:01 IST" skipped="0">
  <testcase classname="com.Banking.Testcases.TC_logintest_01" name="logintest" time="29.939"/>
</testsuite> <!-- com.Banking.Testcases.TC_logintest_01 -->
